TpTrace Verbose: 0 : 40984, 1, 2021/03/16, 14:43:40.429, 3675199282704, vstest.console.dll, Version: 16.8.3
TpTrace Information: 0 : 40984, 1, 2021/03/16, 14:43:40.461, 3675199525951, vstest.console.dll, FilePatternParser: The given file C:\Users\Shaun.Stewart\source\repos\PlantApp\PlantApp.Test\bin\Debug\net5.0\fine-code-coverage\build-output\PlantApp.Test.dll is a full path.
TpTrace Verbose: 0 : 40984, 1, 2021/03/16, 14:43:40.507, 3675199988141, vstest.console.dll, TestPluginCache.DiscoverTestExtensions: finding test extensions in assemblies ends with: RuntimeProvider.dll TPluginInfo: Microsoft.VisualStudio.TestPlatform.Common.ExtensionFramework.Utilities.TestRuntimePluginInformation TExtension: Microsoft.VisualStudio.TestPlatform.ObjectModel.Host.ITestRuntimeProvider
TpTrace Verbose: 0 : 40984, 1, 2021/03/16, 14:43:40.507, 3675199993099, vstest.console.dll, TestPluginCache.GetExtensionPaths: Filtered extension paths: 
TpTrace Verbose: 0 : 40984, 1, 2021/03/16, 14:43:40.508, 3675199994471, vstest.console.dll, TestPluginCache.GetExtensionPaths: Added default extension paths: C:\Program Files\dotnet\sdk\5.0.104\Extensions\Microsoft.Diagnostics.NETCore.Client.dll
C:\Program Files\dotnet\sdk\5.0.104\Extensions\Microsoft.TestPlatform.Extensions.BlameDataCollector.dll
C:\Program Files\dotnet\sdk\5.0.104\Extensions\Microsoft.TestPlatform.Extensions.EventLogCollector.dll
C:\Program Files\dotnet\sdk\5.0.104\Extensions\Microsoft.TestPlatform.TestHostRuntimeProvider.dll
C:\Program Files\dotnet\sdk\5.0.104\Extensions\Microsoft.VisualStudio.TestPlatform.Extensions.Html.TestLogger.dll
C:\Program Files\dotnet\sdk\5.0.104\Extensions\Microsoft.VisualStudio.TestPlatform.Extensions.Trx.TestLogger.dll
TpTrace Verbose: 0 : 40984, 1, 2021/03/16, 14:43:40.508, 3675199995376, vstest.console.dll, TestPluginCache.GetExtensionPaths: Added unfilterableExtensionPaths: 
TpTrace Information: 0 : 40984, 1, 2021/03/16, 14:43:40.509, 3675200003636, vstest.console.dll, AssemblyResolver.ctor: Creating AssemblyResolver with searchDirectories C:\Program Files\dotnet\sdk\5.0.104\Extensions,C:\Program Files\dotnet\sdk\5.0.104
TpTrace Verbose: 0 : 40984, 1, 2021/03/16, 14:43:40.512, 3675200042084, vstest.console.dll, TestPluginCache.DiscoverTestExtensions: Discovering the extensions using extension path.
TpTrace Verbose: 0 : 40984, 1, 2021/03/16, 14:43:40.513, 3675200044334, vstest.console.dll, TestPluginCache.GetExtensionPaths: Filtered extension paths: 
TpTrace Verbose: 0 : 40984, 1, 2021/03/16, 14:43:40.513, 3675200045431, vstest.console.dll, TestPluginCache.GetExtensionPaths: Added default extension paths: C:\Program Files\dotnet\sdk\5.0.104\Extensions\Microsoft.Diagnostics.NETCore.Client.dll
C:\Program Files\dotnet\sdk\5.0.104\Extensions\Microsoft.TestPlatform.Extensions.BlameDataCollector.dll
C:\Program Files\dotnet\sdk\5.0.104\Extensions\Microsoft.TestPlatform.Extensions.EventLogCollector.dll
C:\Program Files\dotnet\sdk\5.0.104\Extensions\Microsoft.TestPlatform.TestHostRuntimeProvider.dll
C:\Program Files\dotnet\sdk\5.0.104\Extensions\Microsoft.VisualStudio.TestPlatform.Extensions.Html.TestLogger.dll
C:\Program Files\dotnet\sdk\5.0.104\Extensions\Microsoft.VisualStudio.TestPlatform.Extensions.Trx.TestLogger.dll
TpTrace Verbose: 0 : 40984, 1, 2021/03/16, 14:43:40.513, 3675200046477, vstest.console.dll, TestPluginCache.GetExtensionPaths: Added unfilterableExtensionPaths: 
TpTrace Verbose: 0 : 40984, 1, 2021/03/16, 14:43:40.513, 3675200047901, vstest.console.dll, TestPluginCache.DiscoverTestExtensions: Discovering the extensions using allExtensionPaths: C:\Program Files\dotnet\sdk\5.0.104\Extensions\Microsoft.Diagnostics.NETCore.Client.dll
C:\Program Files\dotnet\sdk\5.0.104\Extensions\Microsoft.TestPlatform.Extensions.BlameDataCollector.dll
C:\Program Files\dotnet\sdk\5.0.104\Extensions\Microsoft.TestPlatform.Extensions.EventLogCollector.dll
C:\Program Files\dotnet\sdk\5.0.104\Extensions\Microsoft.TestPlatform.TestHostRuntimeProvider.dll
C:\Program Files\dotnet\sdk\5.0.104\Extensions\Microsoft.VisualStudio.TestPlatform.Extensions.Html.TestLogger.dll
C:\Program Files\dotnet\sdk\5.0.104\Extensions\Microsoft.VisualStudio.TestPlatform.Extensions.Trx.TestLogger.dll
TpTrace Information: 0 : 40984, 1, 2021/03/16, 14:43:40.513, 3675200050098, vstest.console.dll, AssemblyResolver.AddSearchDirectories: Adding more searchDirectories C:\Program Files\dotnet\sdk\5.0.104\Extensions,C:\Program Files\dotnet\sdk\5.0.104
TpTrace Information: 0 : 40984, 1, 2021/03/16, 14:43:40.513, 3675200051304, vstest.console.dll, AssemblyResolver.AddSearchDirectories: Adding more searchDirectories C:\Program Files\dotnet\sdk\5.0.104\Extensions,C:\Program Files\dotnet\sdk\5.0.104
TpTrace Information: 0 : 40984, 1, 2021/03/16, 14:43:40.513, 3675200052344, vstest.console.dll, AssemblyResolver.AddSearchDirectories: Adding more searchDirectories C:\Program Files\dotnet\sdk\5.0.104\Extensions,C:\Program Files\dotnet\sdk\5.0.104
TpTrace Information: 0 : 40984, 1, 2021/03/16, 14:43:40.513, 3675200053156, vstest.console.dll, AssemblyResolver.AddSearchDirectories: Adding more searchDirectories C:\Program Files\dotnet\sdk\5.0.104\Extensions,C:\Program Files\dotnet\sdk\5.0.104
TpTrace Information: 0 : 40984, 1, 2021/03/16, 14:43:40.514, 3675200053902, vstest.console.dll, AssemblyResolver.AddSearchDirectories: Adding more searchDirectories C:\Program Files\dotnet\sdk\5.0.104\Extensions,C:\Program Files\dotnet\sdk\5.0.104
TpTrace Information: 0 : 40984, 1, 2021/03/16, 14:43:40.514, 3675200054637, vstest.console.dll, AssemblyResolver.AddSearchDirectories: Adding more searchDirectories C:\Program Files\dotnet\sdk\5.0.104\Extensions,C:\Program Files\dotnet\sdk\5.0.104
TpTrace Information: 0 : 40984, 1, 2021/03/16, 14:43:40.514, 3675200058750, vstest.console.dll, AssemblyResolver.OnResolve: Microsoft.Diagnostics.NETCore.Client: Resolving assembly.
TpTrace Information: 0 : 40984, 1, 2021/03/16, 14:43:40.529, 3675200204433, vstest.console.dll, AssemblyResolver.OnResolve: Resolved assembly: Microsoft.Diagnostics.NETCore.Client, from path: C:\Program Files\dotnet\sdk\5.0.104\Extensions\Microsoft.Diagnostics.NETCore.Client.dll
TpTrace Information: 0 : 40984, 1, 2021/03/16, 14:43:40.535, 3675200264495, vstest.console.dll, AssemblyResolver.OnResolve: Microsoft.Bcl.AsyncInterfaces: Resolving assembly.
TpTrace Information: 0 : 40984, 1, 2021/03/16, 14:43:40.535, 3675200267207, vstest.console.dll, AssemblyResolver.OnResolve: Microsoft.Bcl.AsyncInterfaces: Failed to load assembly.
TpTrace Verbose: 0 : 40984, 1, 2021/03/16, 14:43:40.535, 3675200268149, vstest.console.dll, CurrentDomain_AssemblyResolve: Resolving assembly 'Microsoft.Bcl.AsyncInterfaces'.
TpTrace Information: 0 : 40984, 1, 2021/03/16, 14:43:40.535, 3675200269250, vstest.console.dll, AssemblyResolver.OnResolve: Microsoft.Bcl.AsyncInterfaces: Resolving assembly.
TpTrace Information: 0 : 40984, 1, 2021/03/16, 14:43:40.535, 3675200270086, vstest.console.dll, AssemblyResolver.OnResolve: Microsoft.Bcl.AsyncInterfaces: Resolved from cache.
TpTrace Verbose: 0 : 40984, 1, 2021/03/16, 14:43:40.535, 3675200270899, vstest.console.dll, CurrentDomain_AssemblyResolve: Resolving assembly 'Microsoft.Bcl.AsyncInterfaces'.
TpTrace Verbose: 0 : 40984, 1, 2021/03/16, 14:43:40.535, 3675200271782, vstest.console.dll, CurrentDomainAssemblyResolve: Failed to resolve assembly 'Microsoft.Bcl.AsyncInterfaces'.
TpTrace Verbose: 0 : 40984, 1, 2021/03/16, 14:43:40.538, 3675200293628, vstest.console.dll, CurrentDomainAssemblyResolve: Failed to resolve assembly 'Microsoft.Bcl.AsyncInterfaces'.
TpTrace Warning: 0 : 40984, 1, 2021/03/16, 14:43:40.570, 3675200614582, vstest.console.dll, TestPluginDiscoverer: Failed to get types from assembly 'Microsoft.Diagnostics.NETCore.Client, Version=0.2.2.41902, Culture=neutral, PublicKeyToken=31bf3856ad364e35'.  Skipping test extension scan for this assembly.  Error: System.Reflection.ReflectionTypeLoadException: Unable to load one or more of the requested types.
Could not load file or assembly 'Microsoft.Bcl.AsyncInterfaces, Version=1.0.0.0, Culture=neutral, PublicKeyToken=cc7b13ffcd2ddd51'. The system cannot find the file specified.
   at System.Reflection.RuntimeModule.GetTypes(RuntimeModule module)
   at System.Reflection.RuntimeModule.GetTypes()
   at System.Reflection.Assembly.GetTypes()
   at Microsoft.VisualStudio.TestPlatform.Common.ExtensionFramework.TestPluginDiscoverer.GetTestExtensionsFromAssembly[TPluginInfo,TExtension](Assembly assembly, Dictionary`2 pluginInfos)
System.IO.FileNotFoundException: Could not load file or assembly 'Microsoft.Bcl.AsyncInterfaces, Version=1.0.0.0, Culture=neutral, PublicKeyToken=cc7b13ffcd2ddd51'. The system cannot find the file specified.
File name: 'Microsoft.Bcl.AsyncInterfaces, Version=1.0.0.0, Culture=neutral, PublicKeyToken=cc7b13ffcd2ddd51'
TpTrace Warning: 0 : 40984, 1, 2021/03/16, 14:43:40.570, 3675200616823, vstest.console.dll, LoaderExceptions: System.IO.FileNotFoundException: Could not load file or assembly 'Microsoft.Bcl.AsyncInterfaces, Version=1.0.0.0, Culture=neutral, PublicKeyToken=cc7b13ffcd2ddd51'. The system cannot find the file specified.
File name: 'Microsoft.Bcl.AsyncInterfaces, Version=1.0.0.0, Culture=neutral, PublicKeyToken=cc7b13ffcd2ddd51'
TpTrace Information: 0 : 40984, 1, 2021/03/16, 14:43:40.570, 3675200618331, vstest.console.dll, AssemblyResolver.OnResolve: Microsoft.TestPlatform.Extensions.BlameDataCollector: Resolving assembly.
TpTrace Information: 0 : 40984, 1, 2021/03/16, 14:43:40.587, 3675200791661, vstest.console.dll, AssemblyResolver.OnResolve: Resolved assembly: Microsoft.TestPlatform.Extensions.BlameDataCollector, from path: C:\Program Files\dotnet\sdk\5.0.104\Extensions\Microsoft.TestPlatform.Extensions.BlameDataCollector.dll
TpTrace Information: 0 : 40984, 1, 2021/03/16, 14:43:40.588, 3675200799078, vstest.console.dll, AssemblyResolver.OnResolve: Microsoft.TestPlatform.Extensions.EventLogCollector: Resolving assembly.
TpTrace Information: 0 : 40984, 1, 2021/03/16, 14:43:40.599, 3675200905894, vstest.console.dll, AssemblyResolver.OnResolve: Resolved assembly: Microsoft.TestPlatform.Extensions.EventLogCollector, from path: C:\Program Files\dotnet\sdk\5.0.104\Extensions\Microsoft.TestPlatform.Extensions.EventLogCollector.dll
TpTrace Information: 0 : 40984, 1, 2021/03/16, 14:43:40.621, 3675201127527, vstest.console.dll, AssemblyResolver.OnResolve: Microsoft.TestPlatform.TestHostRuntimeProvider: Resolving assembly.
TpTrace Information: 0 : 40984, 1, 2021/03/16, 14:43:40.634, 3675201262057, vstest.console.dll, AssemblyResolver.OnResolve: Resolved assembly: Microsoft.TestPlatform.TestHostRuntimeProvider, from path: C:\Program Files\dotnet\sdk\5.0.104\Extensions\Microsoft.TestPlatform.TestHostRuntimeProvider.dll
TpTrace Information: 0 : 40984, 1, 2021/03/16, 14:43:40.636, 3675201274423, vstest.console.dll, AssemblyResolver.OnResolve: Microsoft.VisualStudio.TestPlatform.Extensions.Html.TestLogger: Resolving assembly.
TpTrace Information: 0 : 40984, 1, 2021/03/16, 14:43:40.648, 3675201402589, vstest.console.dll, AssemblyResolver.OnResolve: Resolved assembly: Microsoft.VisualStudio.TestPlatform.Extensions.Html.TestLogger, from path: C:\Program Files\dotnet\sdk\5.0.104\Extensions\Microsoft.VisualStudio.TestPlatform.Extensions.Html.TestLogger.dll
TpTrace Information: 0 : 40984, 1, 2021/03/16, 14:43:40.649, 3675201408135, vstest.console.dll, AssemblyResolver.OnResolve: Microsoft.VisualStudio.TestPlatform.Extensions.Trx.TestLogger: Resolving assembly.
TpTrace Information: 0 : 40984, 1, 2021/03/16, 14:43:40.668, 3675201596858, vstest.console.dll, AssemblyResolver.OnResolve: Resolved assembly: Microsoft.VisualStudio.TestPlatform.Extensions.Trx.TestLogger, from path: C:\Program Files\dotnet\sdk\5.0.104\Extensions\Microsoft.VisualStudio.TestPlatform.Extensions.Trx.TestLogger.dll
TpTrace Verbose: 0 : 40984, 1, 2021/03/16, 14:43:40.669, 3675201609750, vstest.console.dll, TestPluginCache: Discovered the extensions using extension path ''.
TpTrace Verbose: 0 : 40984, 1, 2021/03/16, 14:43:40.669, 3675201610902, vstest.console.dll, TestPluginCache: Discoverers are ''.
TpTrace Verbose: 0 : 40984, 1, 2021/03/16, 14:43:40.669, 3675201611693, vstest.console.dll, TestPluginCache: Executors are ''.
TpTrace Verbose: 0 : 40984, 1, 2021/03/16, 14:43:40.669, 3675201612477, vstest.console.dll, TestPluginCache: Executors2 are ''.
TpTrace Verbose: 0 : 40984, 1, 2021/03/16, 14:43:40.669, 3675201613178, vstest.console.dll, TestPluginCache: Setting providers are ''.
TpTrace Verbose: 0 : 40984, 1, 2021/03/16, 14:43:40.670, 3675201613854, vstest.console.dll, TestPluginCache: Loggers are ''.
TpTrace Information: 0 : 40984, 1, 2021/03/16, 14:43:40.676, 3675201683403, vstest.console.dll, RunTestsArgumentProcessor:Execute: Test run is starting.
TpTrace Verbose: 0 : 40984, 1, 2021/03/16, 14:43:40.677, 3675201684951, vstest.console.dll, RunTestsArgumentProcessor:Execute: Queuing Test run.
TpTrace Information: 0 : 40984, 1, 2021/03/16, 14:43:40.677, 3675201687156, vstest.console.dll, TestRequestManager.RunTests: run tests started.
TpTrace Information: 0 : 40984, 1, 2021/03/16, 14:43:40.681, 3675201730722, vstest.console.dll, AssemblyMetadataProvider.GetFrameWork: Determined framework:'.NETCoreApp,Version=v5.0' for source: 'C:\Users\Shaun.Stewart\source\repos\PlantApp\PlantApp.Test\bin\Debug\net5.0\fine-code-coverage\build-output\PlantApp.Test.dll'
TpTrace Information: 0 : 40984, 1, 2021/03/16, 14:43:40.681, 3675201733238, vstest.console.dll, Determined framework for all sources: .NETCoreApp,Version=v5.0
TpTrace Information: 0 : 40984, 1, 2021/03/16, 14:43:40.683, 3675201745165, vstest.console.dll, AssemblyMetadataProvider.GetArchitecture: Determined architecture:AnyCPU info for assembly: C:\Users\Shaun.Stewart\source\repos\PlantApp\PlantApp.Test\bin\Debug\net5.0\fine-code-coverage\build-output\PlantApp.Test.dll
TpTrace Information: 0 : 40984, 1, 2021/03/16, 14:43:40.685, 3675201764229, vstest.console.dll, Determined platform for all sources: X64
TpTrace Information: 0 : 40984, 1, 2021/03/16, 14:43:40.687, 3675201791895, vstest.console.dll, Compatible sources list : 
TpTrace Information: 0 : 40984, 1, 2021/03/16, 14:43:40.687, 3675201793107, vstest.console.dll, C:\Users\Shaun.Stewart\source\repos\PlantApp\PlantApp.Test\bin\Debug\net5.0\fine-code-coverage\build-output\PlantApp.Test.dll
TpTrace Information: 0 : 40984, 1, 2021/03/16, 14:43:40.689, 3675201812937, vstest.console.dll, InferRunSettingsHelper.IsTestSettingsEnabled: Unable to navigate to RunSettings/MSTest. Current node: RunSettings
TpTrace Information: 0 : 40984, 1, 2021/03/16, 14:43:40.690, 3675201820717, vstest.console.dll, AssemblyResolver.OnResolve: Microsoft.VisualStudio.TestPlatform.Fakes: Resolving assembly.
TpTrace Information: 0 : 40984, 1, 2021/03/16, 14:43:40.690, 3675201823178, vstest.console.dll, AssemblyResolver.OnResolve: Microsoft.VisualStudio.TestPlatform.Fakes: Failed to load assembly.
TpTrace Information: 0 : 40984, 1, 2021/03/16, 14:43:40.691, 3675201827514, vstest.console.dll, Failed to create newly implemented Fakes Configurator. Reason:System.IO.FileNotFoundException: Could not load file or assembly 'Microsoft.VisualStudio.TestPlatform.Fakes, Version=16.0.0.0, Culture=neutral, PublicKeyToken=null'. The system cannot find the file specified.
File name: 'Microsoft.VisualStudio.TestPlatform.Fakes, Version=16.0.0.0, Culture=neutral, PublicKeyToken=null'
   at System.Reflection.RuntimeAssembly.InternalLoad(ObjectHandleOnStack assemblyName, ObjectHandleOnStack requestingAssembly, StackCrawlMarkHandle stackMark, Boolean throwOnFileNotFound, ObjectHandleOnStack assemblyLoadContext, ObjectHandleOnStack retAssembly)
   at System.Reflection.RuntimeAssembly.InternalLoad(AssemblyName assemblyName, RuntimeAssembly requestingAssembly, StackCrawlMark& stackMark, Boolean throwOnFileNotFound, AssemblyLoadContext assemblyLoadContext)
   at System.Reflection.Assembly.Load(String assemblyString)
   at Microsoft.VisualStudio.TestPlatform.Common.Utilities.FakesUtilities.TryGetFakesCrossPlatformDataCollectorConfigurator() 
TpTrace Verbose: 0 : 40984, 1, 2021/03/16, 14:43:40.695, 3675201871420, vstest.console.dll, TestPluginCache.DiscoverTestExtensions: finding test extensions in assemblies ends with: TestLogger.dll TPluginInfo: Microsoft.VisualStudio.TestPlatform.Common.ExtensionFramework.Utilities.TestLoggerPluginInformation TExtension: Microsoft.VisualStudio.TestPlatform.ObjectModel.Client.ITestLogger
TpTrace Verbose: 0 : 40984, 1, 2021/03/16, 14:43:40.695, 3675201873126, vstest.console.dll, TestPluginCache.GetExtensionPaths: Filtered extension paths: 
TpTrace Verbose: 0 : 40984, 1, 2021/03/16, 14:43:40.696, 3675201873990, vstest.console.dll, TestPluginCache.GetExtensionPaths: Added default extension paths: C:\Program Files\dotnet\sdk\5.0.104\Extensions\Microsoft.Diagnostics.NETCore.Client.dll
C:\Program Files\dotnet\sdk\5.0.104\Extensions\Microsoft.TestPlatform.Extensions.BlameDataCollector.dll
C:\Program Files\dotnet\sdk\5.0.104\Extensions\Microsoft.TestPlatform.Extensions.EventLogCollector.dll
C:\Program Files\dotnet\sdk\5.0.104\Extensions\Microsoft.TestPlatform.TestHostRuntimeProvider.dll
C:\Program Files\dotnet\sdk\5.0.104\Extensions\Microsoft.VisualStudio.TestPlatform.Extensions.Html.TestLogger.dll
C:\Program Files\dotnet\sdk\5.0.104\Extensions\Microsoft.VisualStudio.TestPlatform.Extensions.Trx.TestLogger.dll
TpTrace Verbose: 0 : 40984, 1, 2021/03/16, 14:43:40.696, 3675201874875, vstest.console.dll, TestPluginCache.GetExtensionPaths: Added unfilterableExtensionPaths: 
TpTrace Information: 0 : 40984, 1, 2021/03/16, 14:43:40.696, 3675201876740, vstest.console.dll, AssemblyResolver.AddSearchDirectories: Adding more searchDirectories C:\Program Files\dotnet\sdk\5.0.104\Extensions,C:\Program Files\dotnet\sdk\5.0.104
TpTrace Verbose: 0 : 40984, 1, 2021/03/16, 14:43:40.696, 3675201877768, vstest.console.dll, TestPluginCache.DiscoverTestExtensions: Discovering the extensions using extension path.
TpTrace Verbose: 0 : 40984, 1, 2021/03/16, 14:43:40.696, 3675201878497, vstest.console.dll, TestPluginCache.GetExtensionPaths: Filtered extension paths: 
TpTrace Verbose: 0 : 40984, 1, 2021/03/16, 14:43:40.696, 3675201879200, vstest.console.dll, TestPluginCache.GetExtensionPaths: Added default extension paths: C:\Program Files\dotnet\sdk\5.0.104\Extensions\Microsoft.Diagnostics.NETCore.Client.dll
C:\Program Files\dotnet\sdk\5.0.104\Extensions\Microsoft.TestPlatform.Extensions.BlameDataCollector.dll
C:\Program Files\dotnet\sdk\5.0.104\Extensions\Microsoft.TestPlatform.Extensions.EventLogCollector.dll
C:\Program Files\dotnet\sdk\5.0.104\Extensions\Microsoft.TestPlatform.TestHostRuntimeProvider.dll
C:\Program Files\dotnet\sdk\5.0.104\Extensions\Microsoft.VisualStudio.TestPlatform.Extensions.Html.TestLogger.dll
C:\Program Files\dotnet\sdk\5.0.104\Extensions\Microsoft.VisualStudio.TestPlatform.Extensions.Trx.TestLogger.dll
TpTrace Verbose: 0 : 40984, 1, 2021/03/16, 14:43:40.696, 3675201879952, vstest.console.dll, TestPluginCache.GetExtensionPaths: Added unfilterableExtensionPaths: 
TpTrace Verbose: 0 : 40984, 1, 2021/03/16, 14:43:40.696, 3675201880719, vstest.console.dll, TestPluginCache.DiscoverTestExtensions: Discovering the extensions using allExtensionPaths: C:\Program Files\dotnet\sdk\5.0.104\Extensions\Microsoft.Diagnostics.NETCore.Client.dll
C:\Program Files\dotnet\sdk\5.0.104\Extensions\Microsoft.TestPlatform.Extensions.BlameDataCollector.dll
C:\Program Files\dotnet\sdk\5.0.104\Extensions\Microsoft.TestPlatform.Extensions.EventLogCollector.dll
C:\Program Files\dotnet\sdk\5.0.104\Extensions\Microsoft.TestPlatform.TestHostRuntimeProvider.dll
C:\Program Files\dotnet\sdk\5.0.104\Extensions\Microsoft.VisualStudio.TestPlatform.Extensions.Html.TestLogger.dll
C:\Program Files\dotnet\sdk\5.0.104\Extensions\Microsoft.VisualStudio.TestPlatform.Extensions.Trx.TestLogger.dll
TpTrace Information: 0 : 40984, 1, 2021/03/16, 14:43:40.696, 3675201881627, vstest.console.dll, AssemblyResolver.AddSearchDirectories: Adding more searchDirectories C:\Program Files\dotnet\sdk\5.0.104\Extensions,C:\Program Files\dotnet\sdk\5.0.104
TpTrace Information: 0 : 40984, 1, 2021/03/16, 14:43:40.696, 3675201882402, vstest.console.dll, AssemblyResolver.AddSearchDirectories: Adding more searchDirectories C:\Program Files\dotnet\sdk\5.0.104\Extensions,C:\Program Files\dotnet\sdk\5.0.104
TpTrace Information: 0 : 40984, 1, 2021/03/16, 14:43:40.697, 3675201883387, vstest.console.dll, AssemblyResolver.AddSearchDirectories: Adding more searchDirectories C:\Program Files\dotnet\sdk\5.0.104\Extensions,C:\Program Files\dotnet\sdk\5.0.104
TpTrace Information: 0 : 40984, 1, 2021/03/16, 14:43:40.697, 3675201884221, vstest.console.dll, AssemblyResolver.AddSearchDirectories: Adding more searchDirectories C:\Program Files\dotnet\sdk\5.0.104\Extensions,C:\Program Files\dotnet\sdk\5.0.104
TpTrace Information: 0 : 40984, 1, 2021/03/16, 14:43:40.697, 3675201884963, vstest.console.dll, AssemblyResolver.AddSearchDirectories: Adding more searchDirectories C:\Program Files\dotnet\sdk\5.0.104\Extensions,C:\Program Files\dotnet\sdk\5.0.104
TpTrace Information: 0 : 40984, 1, 2021/03/16, 14:43:40.697, 3675201885700, vstest.console.dll, AssemblyResolver.AddSearchDirectories: Adding more searchDirectories C:\Program Files\dotnet\sdk\5.0.104\Extensions,C:\Program Files\dotnet\sdk\5.0.104
TpTrace Information: 0 : 40984, 1, 2021/03/16, 14:43:40.697, 3675201887816, vstest.console.dll, AssemblyResolver.OnResolve: Microsoft.Bcl.AsyncInterfaces: Resolving assembly.
TpTrace Information: 0 : 40984, 1, 2021/03/16, 14:43:40.697, 3675201888614, vstest.console.dll, AssemblyResolver.OnResolve: Microsoft.Bcl.AsyncInterfaces: Resolved from cache.
TpTrace Verbose: 0 : 40984, 1, 2021/03/16, 14:43:40.697, 3675201889355, vstest.console.dll, CurrentDomain_AssemblyResolve: Resolving assembly 'Microsoft.Bcl.AsyncInterfaces'.
TpTrace Information: 0 : 40984, 1, 2021/03/16, 14:43:40.697, 3675201890331, vstest.console.dll, AssemblyResolver.OnResolve: Microsoft.Bcl.AsyncInterfaces: Resolving assembly.
TpTrace Information: 0 : 40984, 1, 2021/03/16, 14:43:40.697, 3675201891106, vstest.console.dll, AssemblyResolver.OnResolve: Microsoft.Bcl.AsyncInterfaces: Resolved from cache.
TpTrace Verbose: 0 : 40984, 1, 2021/03/16, 14:43:40.697, 3675201891886, vstest.console.dll, CurrentDomain_AssemblyResolve: Resolving assembly 'Microsoft.Bcl.AsyncInterfaces'.
TpTrace Verbose: 0 : 40984, 1, 2021/03/16, 14:43:40.697, 3675201892581, vstest.console.dll, CurrentDomainAssemblyResolve: Failed to resolve assembly 'Microsoft.Bcl.AsyncInterfaces'.
TpTrace Verbose: 0 : 40984, 1, 2021/03/16, 14:43:40.698, 3675201894913, vstest.console.dll, CurrentDomainAssemblyResolve: Failed to resolve assembly 'Microsoft.Bcl.AsyncInterfaces'.
TpTrace Warning: 0 : 40984, 1, 2021/03/16, 14:43:40.698, 3675201899220, vstest.console.dll, TestPluginDiscoverer: Failed to get types from assembly 'Microsoft.Diagnostics.NETCore.Client, Version=0.2.2.41902, Culture=neutral, PublicKeyToken=31bf3856ad364e35'.  Skipping test extension scan for this assembly.  Error: System.Reflection.ReflectionTypeLoadException: Unable to load one or more of the requested types.
Could not load file or assembly 'Microsoft.Bcl.AsyncInterfaces, Version=1.0.0.0, Culture=neutral, PublicKeyToken=cc7b13ffcd2ddd51'. The system cannot find the file specified.
   at System.Reflection.RuntimeModule.GetTypes(RuntimeModule module)
   at System.Reflection.RuntimeModule.GetTypes()
   at System.Reflection.Assembly.GetTypes()
   at Microsoft.VisualStudio.TestPlatform.Common.ExtensionFramework.TestPluginDiscoverer.GetTestExtensionsFromAssembly[TPluginInfo,TExtension](Assembly assembly, Dictionary`2 pluginInfos)
System.IO.FileNotFoundException: Could not load file or assembly 'Microsoft.Bcl.AsyncInterfaces, Version=1.0.0.0, Culture=neutral, PublicKeyToken=cc7b13ffcd2ddd51'. The system cannot find the file specified.
File name: 'Microsoft.Bcl.AsyncInterfaces, Version=1.0.0.0, Culture=neutral, PublicKeyToken=cc7b13ffcd2ddd51'
TpTrace Warning: 0 : 40984, 1, 2021/03/16, 14:43:40.698, 3675201900158, vstest.console.dll, LoaderExceptions: System.IO.FileNotFoundException: Could not load file or assembly 'Microsoft.Bcl.AsyncInterfaces, Version=1.0.0.0, Culture=neutral, PublicKeyToken=cc7b13ffcd2ddd51'. The system cannot find the file specified.
File name: 'Microsoft.Bcl.AsyncInterfaces, Version=1.0.0.0, Culture=neutral, PublicKeyToken=cc7b13ffcd2ddd51'
TpTrace Verbose: 0 : 40984, 1, 2021/03/16, 14:43:40.699, 3675201904182, vstest.console.dll, TestPluginCache: Discovered the extensions using extension path ''.
TpTrace Verbose: 0 : 40984, 1, 2021/03/16, 14:43:40.699, 3675201905047, vstest.console.dll, TestPluginCache: Discoverers are ''.
TpTrace Verbose: 0 : 40984, 1, 2021/03/16, 14:43:40.699, 3675201905750, vstest.console.dll, TestPluginCache: Executors are ''.
TpTrace Verbose: 0 : 40984, 1, 2021/03/16, 14:43:40.699, 3675201906421, vstest.console.dll, TestPluginCache: Executors2 are ''.
TpTrace Verbose: 0 : 40984, 1, 2021/03/16, 14:43:40.699, 3675201907084, vstest.console.dll, TestPluginCache: Setting providers are ''.
TpTrace Verbose: 0 : 40984, 1, 2021/03/16, 14:43:40.699, 3675201908226, vstest.console.dll, TestPluginCache: Loggers are 'logger://Microsoft/TestPlatform/Extensions/Blame/v1,logger://Microsoft/TestPlatform/HtmlLogger/v1,logger://Microsoft/TestPlatform/TrxLogger/v1'.
TpTrace Information: 0 : 40984, 1, 2021/03/16, 14:43:40.700, 3675201914532, vstest.console.dll, TestPluginManager.CreateTestExtension: Attempting to load test extension: Microsoft.TestPlatform.Extensions.BlameDataCollector.BlameLogger
TpTrace Information: 0 : 40984, 1, 2021/03/16, 14:43:40.711, 3675202026240, vstest.console.dll, TestPluginManager.CreateTestExtension: Attempting to load test extension: Microsoft.VisualStudio.TestPlatform.CrossPlatEngine.Hosting.DefaultTestHostManager
TpTrace Information: 0 : 40984, 1, 2021/03/16, 14:43:40.711, 3675202030047, vstest.console.dll, TestPluginManager.CreateTestExtension: Attempting to load test extension: Microsoft.VisualStudio.TestPlatform.CrossPlatEngine.Hosting.DotnetTestHostManager
TpTrace Verbose: 0 : 40984, 1, 2021/03/16, 14:43:40.712, 3675202035772, vstest.console.dll, TestEngine: Initializing Parallel Execution as MaxCpuCount is set to: 1
TpTrace Information: 0 : 40984, 1, 2021/03/16, 14:43:40.712, 3675202041167, vstest.console.dll, InferRunSettingsHelper.IsTestSettingsEnabled: Unable to navigate to RunSettings/MSTest. Current node: RunSettings
TpTrace Verbose: 0 : 40984, 1, 2021/03/16, 14:43:40.786, 3675202782806, vstest.console.dll, TestRequestSender is acting as server
TpTrace Verbose: 0 : 40984, 4, 2021/03/16, 14:43:40.790, 3675202821863, vstest.console.dll, DataCollectionRequestSender.InitializeCommunication : Initialize communication. 
TpTrace Information: 0 : 40984, 4, 2021/03/16, 14:43:40.824, 3675203156245, vstest.console.dll, Listening on Endpoint : 127.0.0.1:61667
TpTrace Verbose: 0 : 40984, 4, 2021/03/16, 14:43:40.839, 3675203307378, vstest.console.dll, DotnetDataCollectionLauncher: Full path of dotnet.exe is C:\Program Files\dotnet\dotnet.exe
TpTrace Verbose: 0 : 40984, 4, 2021/03/16, 14:43:40.839, 3675203310322, vstest.console.dll, DotnetDataCollectionLauncher: Adding  --runtimeconfig "C:\Program Files\dotnet\sdk\5.0.104\datacollector.runtimeconfig.json" in args
TpTrace Verbose: 0 : 40984, 4, 2021/03/16, 14:43:40.839, 3675203312314, vstest.console.dll, DotnetDataCollectionLauncher: Adding  --depsfile "C:\Program Files\dotnet\sdk\5.0.104\datacollector.deps.json" in args
TpTrace Information: 0 : 40984, 4, 2021/03/16, 14:43:40.861, 3675203526610, vstest.console.dll, ProxyDataCollectionManager.Initialize: Launched datacollector processId: 7068 port: 61667
TpTrace Information: 0 : 40984, 4, 2021/03/16, 14:43:40.861, 3675203528878, vstest.console.dll, ProxyDataCollectionManager.Initialize: waiting for connection with timeout: 90 seconds
TpTrace Verbose: 0 : 40984, 4, 2021/03/16, 14:43:40.861, 3675203530099, vstest.console.dll, DataCollectionRequestSender.WaitForRequestHandlerConnection : Waiting for connection with timeout: 90000
TpTrace Information: 0 : 40984, 7, 2021/03/16, 14:43:41.159, 3675206513005, vstest.console.dll, Using the buffer size of 16384 bytes
TpTrace Verbose: 0 : 40984, 4, 2021/03/16, 14:43:41.160, 3675206513443, vstest.console.dll, ProxyDataCollectionManager.InvokeDataCollectionServiceAction: Starting.
TpTrace Information: 0 : 40984, 7, 2021/03/16, 14:43:41.160, 3675206514595, vstest.console.dll, Accepted Client request and set the flag
TpTrace Information: 0 : 40984, 4, 2021/03/16, 14:43:41.160, 3675206516055, vstest.console.dll, ProxyDataCollectionManager.BeforeTestRunStart: Get environment variable and port for datacollector processId: 7068 port: 61667
TpTrace Verbose: 0 : 40984, 4, 2021/03/16, 14:43:41.160, 3675206518728, vstest.console.dll, DataCollectionRequestSender.SendBeforeTestRunStartAndGetResult : Send BeforeTestRunStart message with settingsXml <RunSettings><RunConfiguration><ResultsDirectory>C:\Users\Shaun.Stewart\source\repos\PlantApp\PlantApp.Test\bin\Debug\net5.0\fine-code-coverage\coverage-tool-output</ResultsDirectory><TargetPlatform>X64</TargetPlatform><TargetFrameworkVersion>.NETCoreApp,Version=v5.0</TargetFrameworkVersion><DesignMode>False</DesignMode><CollectSourceInformation>False</CollectSourceInformation><TestAdaptersPaths>C:\Program Files\dotnet\sdk\5.0.104\Extensions</TestAdaptersPaths></RunConfiguration><LoggerRunSettings><Loggers><Logger friendlyName="blame" enabled="True" /><Logger friendlyName="Console" uri="logger://microsoft/TestPlatform/ConsoleLogger/v1" assemblyQualifiedName="Microsoft.VisualStudio.TestPlatform.CommandLine.Internal.ConsoleLogger, vstest.console, Version=15.0.0.0, Culture=neutral, PublicKeyToken=b03f5f7f11d50a3a" codeBase="C:\Program Files\dotnet\sdk\5.0.104\vstest.console.dll" enabled="True" /></Loggers></LoggerRunSettings><DataCollectionRunSettings><DataCollectors><DataCollector friendlyName="blame" enabled="True"><Configuration><ResultsDirectory>C:\Users\Shaun.Stewart\source\repos\PlantApp\PlantApp.Test\bin\Debug\net5.0\fine-code-coverage\coverage-tool-output</ResultsDirectory></Configuration></DataCollector></DataCollectors></DataCollectionRunSettings></RunSettings> and sources System.Linq.Enumerable+Concat2Iterator`1[System.String]: 
TpTrace Verbose: 0 : 40984, 4, 2021/03/16, 14:43:41.258, 3675207494774, vstest.console.dll, DataCollectionRequestSender.SendBeforeTestRunStartAndGetResult : Received message: (DataCollection.SendMessage) -> {
  "FriendlyName": null,
  "Uri": null,
  "TestCaseId": "00000000-0000-0000-0000-000000000000",
  "Message": "Logging DataCollector Diagnostics in file: C:\\Users\\Shaun.Stewart\\source\\repos\\PlantApp\\PlantApp.Test\\bin\\Debug\\net5.0\\fine-code-coverage\\coverage-tool-output\\diagnostics.datacollector.21-03-16_14-43-40_83295_4.log",
  "Level": 0
}
TpTrace Verbose: 0 : 40984, 4, 2021/03/16, 14:43:41.362, 3675208541129, vstest.console.dll, DataCollectionRequestSender.SendBeforeTestRunStartAndGetResult : Received message: (DataCollection.BeforeTestRunStartResult) -> {
  "EnvironmentVariables": {},
  "DataCollectionEventsPort": 61669
}
TpTrace Information: 0 : 40984, 4, 2021/03/16, 14:43:41.366, 3675208579288, vstest.console.dll, ProxyDataCollectionManager.BeforeTestRunStart: SendBeforeTestRunStartAndGetResult successful, env variable from datacollector:   and testhost port: 61669
TpTrace Information: 0 : 40984, 4, 2021/03/16, 14:43:41.366, 3675208580657, vstest.console.dll, ProxyDataCollectionManager.InvokeDataCollectionServiceAction: Completed.
TpTrace Verbose: 0 : 40984, 1, 2021/03/16, 14:43:41.366, 3675208582621, vstest.console.dll, TestRunRequest.ExecuteAsync: Creating test run request.
TpTrace Verbose: 0 : 40984, 1, 2021/03/16, 14:43:41.367, 3675208585739, vstest.console.dll, TestRunRequest.ExecuteAsync: Starting.
TpTrace Information: 0 : 40984, 1, 2021/03/16, 14:43:41.367, 3675208588980, vstest.console.dll, TestRunRequest.ExecuteAsync: Starting run with settings:TestRunCriteria:
   KeepAlive=False,FrequencyOfRunStatsChangeEvent=10,RunStatsChangeEventTimeout=00:00:01.5000000,TestCaseFilter=,TestExecutorLauncher=
   Settingsxml=<RunSettings>
  <RunConfiguration>
    <ResultsDirectory>C:\Users\Shaun.Stewart\source\repos\PlantApp\PlantApp.Test\bin\Debug\net5.0\fine-code-coverage\coverage-tool-output</ResultsDirectory>
    <TargetPlatform>X64</TargetPlatform>
    <TargetFrameworkVersion>.NETCoreApp,Version=v5.0</TargetFrameworkVersion>
    <DesignMode>False</DesignMode>
    <CollectSourceInformation>False</CollectSourceInformation>
  </RunConfiguration>
  <LoggerRunSettings>
    <Loggers>
      <Logger friendlyName="blame" enabled="True" />
      <Logger friendlyName="Console" uri="logger://microsoft/TestPlatform/ConsoleLogger/v1" assemblyQualifiedName="Microsoft.VisualStudio.TestPlatform.CommandLine.Internal.ConsoleLogger, vstest.console, Version=15.0.0.0, Culture=neutral, PublicKeyToken=b03f5f7f11d50a3a" codeBase="C:\Program Files\dotnet\sdk\5.0.104\vstest.console.dll" enabled="True" />
    </Loggers>
  </LoggerRunSettings>
  <DataCollectionRunSettings>
    <DataCollectors>
      <DataCollector friendlyName="blame" enabled="True">
        <Configuration>
          <ResultsDirectory>C:\Users\Shaun.Stewart\source\repos\PlantApp\PlantApp.Test\bin\Debug\net5.0\fine-code-coverage\coverage-tool-output</ResultsDirectory>
        </Configuration>
      </DataCollector>
    </DataCollectors>
  </DataCollectionRunSettings>
</RunSettings>

TpTrace Verbose: 0 : 40984, 1, 2021/03/16, 14:43:41.367, 3675208590089, vstest.console.dll, TestRunRequest.ExecuteAsync: Wait for the first run request is over.
TpTrace Verbose: 0 : 40984, 1, 2021/03/16, 14:43:41.368, 3675208595695, vstest.console.dll, ParallelProxyExecutionManager: Start execution. Total sources: 1
TpTrace Information: 0 : 40984, 1, 2021/03/16, 14:43:41.368, 3675208602135, vstest.console.dll, ProxyParallelExecutionManager: Triggering test run for next source: C:\Users\Shaun.Stewart\source\repos\PlantApp\PlantApp.Test\bin\Debug\net5.0\fine-code-coverage\build-output\PlantApp.Test.dll
TpTrace Verbose: 0 : 40984, 1, 2021/03/16, 14:43:41.369, 3675208604609, vstest.console.dll, ProxyParallelExecutionManager: No sources available for execution.
TpTrace Information: 0 : 40984, 1, 2021/03/16, 14:43:41.369, 3675208605688, vstest.console.dll, TestRunRequest.ExecuteAsync: Started.
TpTrace Verbose: 0 : 40984, 4, 2021/03/16, 14:43:41.369, 3675208604577, vstest.console.dll, ParallelProxyExecutionManager: Execution started. Started clients: 1
TpTrace Verbose: 0 : 40984, 1, 2021/03/16, 14:43:41.369, 3675208606908, vstest.console.dll, TestRunRequest.WaitForCompletion: Waiting with timeout -1.
TpTrace Verbose: 0 : 40984, 4, 2021/03/16, 14:43:41.369, 3675208610620, vstest.console.dll, TestRunRequest:SendTestRunMessage: Starting.
TpTrace Information: 0 : 40984, 4, 2021/03/16, 14:43:41.369, 3675208612225, vstest.console.dll, TestRunRequest:SendTestRunMessage: Completed.
TpTrace Verbose: 0 : 40984, 4, 2021/03/16, 14:43:41.370, 3675208614577, vstest.console.dll, ProxyExecutionManager: Test host is always Lazy initialize.
TpTrace Verbose: 0 : 40984, 4, 2021/03/16, 14:43:41.370, 3675208617410, vstest.console.dll, TestRequestSender.InitializeCommunication: initialize communication. 
TpTrace Information: 0 : 40984, 4, 2021/03/16, 14:43:41.371, 3675208625470, vstest.console.dll, SocketServer.Start: Listening on endpoint : 127.0.0.1:61670
TpTrace Verbose: 0 : 40984, 4, 2021/03/16, 14:43:41.372, 3675208634302, vstest.console.dll, DotnetTestHostmanager: Adding  --runtimeconfig "C:\Users\Shaun.Stewart\source\repos\PlantApp\PlantApp.Test\bin\Debug\net5.0\fine-code-coverage\build-output\PlantApp.Test.runtimeconfig.json" in args
TpTrace Verbose: 0 : 40984, 4, 2021/03/16, 14:43:41.372, 3675208636557, vstest.console.dll, DotnetTestHostmanager: Adding  --depsfile "C:\Users\Shaun.Stewart\source\repos\PlantApp\PlantApp.Test\bin\Debug\net5.0\fine-code-coverage\build-output\PlantApp.Test.deps.json" in args
TpTrace Verbose: 0 : 40984, 4, 2021/03/16, 14:43:41.372, 3675208639354, vstest.console.dll, DotnetTestHostManager: Testhost.exe/testhost.x86.exe found at path: C:\Users\Shaun.Stewart\source\repos\PlantApp\PlantApp.Test\bin\Debug\net5.0\fine-code-coverage\build-output\testhost.exe
TpTrace Verbose: 0 : 40984, 4, 2021/03/16, 14:43:41.372, 3675208640314, vstest.console.dll, DotnetTestHostmanager: Full path of host exe is C:\Users\Shaun.Stewart\source\repos\PlantApp\PlantApp.Test\bin\Debug\net5.0\fine-code-coverage\build-output\testhost.exe
TpTrace Verbose: 0 : 40984, 6, 2021/03/16, 14:43:41.373, 3675208649128, vstest.console.dll, DotnetTestHostManager: Starting process 'C:\Users\Shaun.Stewart\source\repos\PlantApp\PlantApp.Test\bin\Debug\net5.0\fine-code-coverage\build-output\testhost.exe' with command line ' --runtimeconfig "C:\Users\Shaun.Stewart\source\repos\PlantApp\PlantApp.Test\bin\Debug\net5.0\fine-code-coverage\build-output\PlantApp.Test.runtimeconfig.json" --depsfile "C:\Users\Shaun.Stewart\source\repos\PlantApp\PlantApp.Test\bin\Debug\net5.0\fine-code-coverage\build-output\PlantApp.Test.deps.json" --port 61670 --endpoint 127.0.0.1:061670 --role client --parentprocessid 40984 --diag "C:\Users\Shaun.Stewart\source\repos\PlantApp\PlantApp.Test\bin\Debug\net5.0\fine-code-coverage\coverage-tool-output\diagnostics.host.21-03-16_14-43-41_37156_4.log" --tracelevel 4 --datacollectionport 61669 --telemetryoptedin false'
TpTrace Verbose: 0 : 40984, 6, 2021/03/16, 14:43:41.396, 3675208875814, vstest.console.dll, Test Runtime launched
TpTrace Verbose: 0 : 40984, 4, 2021/03/16, 14:43:41.397, 3675208883890, vstest.console.dll, TestRequestSender.WaitForRequestHandlerConnection: waiting for connection with timeout: 90000
TpTrace Verbose: 0 : 40984, 6, 2021/03/16, 14:43:41.798, 3675212899512, vstest.console.dll, SocketServer.OnClientConnected: Client connected for endPoint: 127.0.0.1:61670, starting MessageLoopAsync:
TpTrace Verbose: 0 : 40984, 14, 2021/03/16, 14:43:41.798, 3675212902797, vstest.console.dll, TcpClientExtensions.MessageLoopAsync: Polling on remoteEndPoint: 127.0.0.1:61671 localEndPoint: 127.0.0.1:61670
TpTrace Verbose: 0 : 40984, 14, 2021/03/16, 14:43:42.010, 3675215020040, vstest.console.dll, TcpClientExtensions.MessageLoopAsync: NotifyDataAvailable remoteEndPoint: 127.0.0.1:61671 localEndPoint: 127.0.0.1:61670
TpTrace Verbose: 0 : 40984, 14, 2021/03/16, 14:43:42.010, 3675215022979, vstest.console.dll, TestRequestSender.CheckVersionWithTestHost: onMessageReceived received message: (ProtocolVersion) -> 2
TpTrace Verbose: 0 : 40984, 14, 2021/03/16, 14:43:42.011, 3675215027784, vstest.console.dll, TcpClientExtensions.MessageLoopAsync: Polling on remoteEndPoint: 127.0.0.1:61671 localEndPoint: 127.0.0.1:61670
TpTrace Verbose: 0 : 40984, 4, 2021/03/16, 14:43:42.011, 3675215029432, vstest.console.dll, TestPluginCache.GetExtensionPaths: Filtered extension paths: 
TpTrace Verbose: 0 : 40984, 4, 2021/03/16, 14:43:42.011, 3675215030703, vstest.console.dll, TestPluginCache.GetExtensionPaths: Added default extension paths: C:\Program Files\dotnet\sdk\5.0.104\Extensions\Microsoft.Diagnostics.NETCore.Client.dll
C:\Program Files\dotnet\sdk\5.0.104\Extensions\Microsoft.TestPlatform.Extensions.BlameDataCollector.dll
C:\Program Files\dotnet\sdk\5.0.104\Extensions\Microsoft.TestPlatform.Extensions.EventLogCollector.dll
C:\Program Files\dotnet\sdk\5.0.104\Extensions\Microsoft.TestPlatform.TestHostRuntimeProvider.dll
C:\Program Files\dotnet\sdk\5.0.104\Extensions\Microsoft.VisualStudio.TestPlatform.Extensions.Html.TestLogger.dll
C:\Program Files\dotnet\sdk\5.0.104\Extensions\Microsoft.VisualStudio.TestPlatform.Extensions.Trx.TestLogger.dll
TpTrace Verbose: 0 : 40984, 4, 2021/03/16, 14:43:42.011, 3675215031748, vstest.console.dll, TestPluginCache.GetExtensionPaths: Added unfilterableExtensionPaths: 
TpTrace Verbose: 0 : 40984, 4, 2021/03/16, 14:43:42.016, 3675215077877, vstest.console.dll, TestRequestSender.InitializeExecution: Sending initializing execution with message: {"Version":2,"MessageType":"TestExecution.Initialize","Payload":["C:\\Users\\Shaun.Stewart\\source\\repos\\PlantApp\\PlantApp.Test\\bin\\Debug\\net5.0\\fine-code-coverage\\build-output\\Microsoft.VisualStudio.TestPlatform.MSTest.TestAdapter.dll"]}
TpTrace Verbose: 0 : 40984, 4, 2021/03/16, 14:43:42.024, 3675215161953, vstest.console.dll, TestRequestSender.StartTestRun: Sending test run with message: {"Version":2,"MessageType":"TestExecution.StartWithSources","Payload":{"AdapterSourceMap":{"_none_":["C:\\Users\\Shaun.Stewart\\source\\repos\\PlantApp\\PlantApp.Test\\bin\\Debug\\net5.0\\fine-code-coverage\\build-output\\PlantApp.Test.dll"]},"RunSettings":"<RunSettings>\r\n  <RunConfiguration>\r\n    <ResultsDirectory>C:\\Users\\Shaun.Stewart\\source\\repos\\PlantApp\\PlantApp.Test\\bin\\Debug\\net5.0\\fine-code-coverage\\coverage-tool-output</ResultsDirectory>\r\n    <TargetPlatform>X64</TargetPlatform>\r\n    <TargetFrameworkVersion>.NETCoreApp,Version=v5.0</TargetFrameworkVersion>\r\n    <DesignMode>False</DesignMode>\r\n    <CollectSourceInformation>False</CollectSourceInformation>\r\n  </RunConfiguration>\r\n  <LoggerRunSettings>\r\n    <Loggers>\r\n      <Logger friendlyName=\"blame\" enabled=\"True\" />\r\n      <Logger friendlyName=\"Console\" uri=\"logger://microsoft/TestPlatform/ConsoleLogger/v1\" assemblyQualifiedName=\"Microsoft.VisualStudio.TestPlatform.CommandLine.Internal.ConsoleLogger, vstest.console, Version=15.0.0.0, Culture=neutral, PublicKeyToken=b03f5f7f11d50a3a\" codeBase=\"C:\\Program Files\\dotnet\\sdk\\5.0.104\\vstest.console.dll\" enabled=\"True\" />\r\n    </Loggers>\r\n  </LoggerRunSettings>\r\n  <DataCollectionRunSettings>\r\n    <DataCollectors>\r\n      <DataCollector friendlyName=\"blame\" enabled=\"True\">\r\n        <Configuration>\r\n          <ResultsDirectory>C:\\Users\\Shaun.Stewart\\source\\repos\\PlantApp\\PlantApp.Test\\bin\\Debug\\net5.0\\fine-code-coverage\\coverage-tool-output</ResultsDirectory>\r\n        </Configuration>\r\n      </DataCollector>\r\n    </DataCollectors>\r\n  </DataCollectionRunSettings>\r\n</RunSettings>","TestExecutionContext":{"FrequencyOfRunStatsChangeEvent":10,"RunStatsChangeEventTimeout":"00:00:01.5000000","InIsolation":false,"KeepAlive":false,"AreTestCaseLevelEventsRequired":false,"IsDebug":false,"TestCaseFilter":null,"FilterOptions":null},"Package":null}}
TpTrace Verbose: 0 : 40984, 14, 2021/03/16, 14:43:42.025, 3675215166174, vstest.console.dll, TcpClientExtensions.MessageLoopAsync: NotifyDataAvailable remoteEndPoint: 127.0.0.1:61671 localEndPoint: 127.0.0.1:61670
TpTrace Verbose: 0 : 40984, 14, 2021/03/16, 14:43:42.025, 3675215167959, vstest.console.dll, TestRequestSender.OnExecutionMessageReceived: Received message: {"Version":2,"MessageType":"TestSession.Message","Payload":{"MessageLevel":0,"Message":"Logging TestHost Diagnostics in file: C:\\Users\\Shaun.Stewart\\source\\repos\\PlantApp\\PlantApp.Test\\bin\\Debug\\net5.0\\fine-code-coverage\\coverage-tool-output\\diagnostics.host.21-03-16_14-43-41_37156_4.log"}}
TpTrace Verbose: 0 : 40984, 14, 2021/03/16, 14:43:42.027, 3675215188557, vstest.console.dll, TestRunRequest:SendTestRunMessage: Starting.
TpTrace Information: 0 : 40984, 14, 2021/03/16, 14:43:42.027, 3675215190051, vstest.console.dll, TestRunRequest:SendTestRunMessage: Completed.
TpTrace Verbose: 0 : 40984, 14, 2021/03/16, 14:43:42.027, 3675215191004, vstest.console.dll, TcpClientExtensions.MessageLoopAsync: Polling on remoteEndPoint: 127.0.0.1:61671 localEndPoint: 127.0.0.1:61670
TpTrace Verbose: 0 : 40984, 14, 2021/03/16, 14:43:43.027, 3675225187214, vstest.console.dll, TcpClientExtensions.MessageLoopAsync: Polling on remoteEndPoint: 127.0.0.1:61671 localEndPoint: 127.0.0.1:61670
TpTrace Verbose: 0 : 40984, 14, 2021/03/16, 14:43:43.146, 3675226377891, vstest.console.dll, TcpClientExtensions.MessageLoopAsync: NotifyDataAvailable remoteEndPoint: 127.0.0.1:61671 localEndPoint: 127.0.0.1:61670
TpTrace Verbose: 0 : 40984, 14, 2021/03/16, 14:43:43.150, 3675226416160, vstest.console.dll, TestRequestSender.OnExecutionMessageReceived: Received message: {"Version":2,"MessageType":"TestExecution.Completed","Payload":{"TestRunCompleteArgs":{"TestRunStatistics":{"ExecutedTests":1,"Stats":{"Failed":1}},"IsCanceled":false,"IsAborted":false,"Error":null,"AttachmentSets":[],"ElapsedTimeInRunningTests":"00:00:00.8971981","Metrics":{}},"LastRunTests":{"NewTestResults":[{"TestCase":{"Id":"ace52d66-2960-05c7-6ef5-7e78be678172","FullyQualifiedName":"PlantApp.Test.DatabaseTests.CanInsertPlantIntoDatabase","DisplayName":"CanInsertPlantIntoDatabase","ExecutorUri":"executor://MSTestAdapter/v2","Source":"C:\\Users\\Shaun.Stewart\\source\\repos\\PlantApp\\PlantApp.Test\\bin\\Debug\\net5.0\\fine-code-coverage\\build-output\\PlantApp.Test.dll","CodeFilePath":null,"LineNumber":-1,"Properties":[{"Key":{"Id":"TestCase.ManagedType","Label":"ManagedType","Category":"","Description":"","Attributes":1,"ValueType":"System.String"},"Value":"PlantApp.Test.DatabaseTests"},{"Key":{"Id":"TestCase.ManagedMethod","Label":"ManagedMethod","Category":"","Description":"","Attributes":1,"ValueType":"System.String"},"Value":"CanInsertPlantIntoDatabase"},{"Key":{"Id":"MSTestDiscoverer.TestClassName","Label":"ClassName","Category":"","Description":"","Attributes":1,"ValueType":"System.String"},"Value":"PlantApp.Test.DatabaseTests"},{"Key":{"Id":"TestObject.Traits","Label":"Traits","Category":"","Description":"","Attributes":5,"ValueType":"System.Collections.Generic.KeyValuePair`2[[System.String],[System.String]][]"},"Value":[]}]},"Attachments":[],"Outcome":2,"ErrorMessage":"Test method PlantApp.Test.DatabaseTests.CanInsertPlantIntoDatabase threw exception: \r\nSystem.ArgumentException: Empty path name is not legal.","ErrorStackTrace":"    at System.IO.StreamReader.ValidateArgsAndOpenPath(String path, Encoding encoding, Int32 bufferSize)\r\n   at System.IO.StreamReader..ctor(String path)\r\n   at PlantApp.Data.PlantContext.SeedDataFromJson[T](String seedDataJsonLocation) in C:\\Users\\Shaun.Stewart\\source\\repos\\PlantApp\\PlantApp.Data\\PlantContext.cs:line 58\r\n   at PlantApp.Data.PlantContext.OnModelCreating(ModelBuilder modelBuilder) in C:\\Users\\Shaun.Stewart\\source\\repos\\PlantApp\\PlantApp.Data\\PlantContext.cs:line 51\r\n   at Microsoft.EntityFrameworkCore.Infrastructure.ModelCustomizer.Customize(ModelBuilder modelBuilder, DbContext context)\r\n   at Microsoft.EntityFrameworkCore.Infrastructure.ModelSource.CreateModel(DbContext context, IConventionSetBuilder conventionSetBuilder, ModelDependencies modelDependencies)\r\n   at Microsoft.EntityFrameworkCore.Infrastructure.ModelSource.GetModel(DbContext context, IConventionSetBuilder conventionSetBuilder, ModelDependencies modelDependencies)\r\n   at Microsoft.EntityFrameworkCore.Internal.DbContextServices.CreateModel()\r\n   at Microsoft.EntityFrameworkCore.Internal.DbContextServices.get_Model()\r\n   at Microsoft.EntityFrameworkCore.Infrastructure.EntityFrameworkServicesBuilder.<>c.<TryAddCoreServices>b__7_3(IServiceProvider p)\r\n   at Microsoft.Extensions.DependencyInjection.ServiceLookup.CallSiteRuntimeResolver.VisitFactory(FactoryCallSite factoryCallSite, RuntimeResolverContext context)\r\n   at Microsoft.Extensions.DependencyInjection.ServiceLookup.CallSiteVisitor`2.VisitCallSiteMain(ServiceCallSite callSite, TArgument argument)\r\n   at Microsoft.Extensions.DependencyInjection.ServiceLookup.CallSiteRuntimeResolver.VisitCache(ServiceCallSite callSite, RuntimeResolverContext context, ServiceProviderEngineScope serviceProviderEngine, RuntimeResolverLock lockType)\r\n   at Microsoft.Extensions.DependencyInjection.ServiceLookup.CallSiteRuntimeResolver.VisitScopeCache(ServiceCallSite singletonCallSite, RuntimeResolverContext context)\r\n   at Microsoft.Extensions.DependencyInjection.ServiceLookup.CallSiteVisitor`2.VisitCallSite(ServiceCallSite callSite, TArgument argument)\r\n   at Microsoft.Extensions.DependencyInjection.ServiceLookup.CallSiteRuntimeResolver.VisitConstructor(ConstructorCallSite constructorCallSite, RuntimeResolverContext context)\r\n   at Microsoft.Extensions.DependencyInjection.ServiceLookup.CallSiteVisitor`2.VisitCallSiteMain(ServiceCallSite callSite, TArgument argument)\r\n   at Microsoft.Extensions.DependencyInjection.ServiceLookup.CallSiteRuntimeResolver.VisitCache(ServiceCallSite callSite, RuntimeResolverContext context, ServiceProviderEngineScope serviceProviderEngine, RuntimeResolverLock lockType)\r\n   at Microsoft.Extensions.DependencyInjection.ServiceLookup.CallSiteRuntimeResolver.VisitScopeCache(ServiceCallSite singletonCallSite, RuntimeResolverContext context)\r\n   at Microsoft.Extensions.DependencyInjection.ServiceLookup.CallSiteVisitor`2.VisitCallSite(ServiceCallSite callSite, TArgument argument)\r\n   at Microsoft.Extensions.DependencyInjection.ServiceLookup.CallSiteRuntimeResolver.Resolve(ServiceCallSite callSite, ServiceProviderEngineScope scope)\r\n   at Microsoft.Extensions.DependencyInjection.ServiceLookup.DynamicServiceProviderEngine.<>c__DisplayClass1_0.<RealizeService>b__0(ServiceProviderEngineScope scope)\r\n   at Microsoft.Extensions.DependencyInjection.ServiceLookup.ServiceProviderEngine.GetService(Type serviceType, ServiceProviderEngineScope serviceProviderEngineScope)\r\n   at Microsoft.Extensions.DependencyInjection.ServiceLookup.ServiceProviderEngineScope.GetService(Type serviceType)\r\n   at Microsoft.Extensions.DependencyInjection.ServiceProviderServiceExtensions.GetRequiredService(IServiceProvider provider, Type serviceType)\r\n   at Microsoft.Extensions.DependencyInjection.ServiceProviderServiceExtensions.GetRequiredService[T](IServiceProvider provider)\r\n   at Microsoft.EntityFrameworkCore.DbContext.get_DbContextDependencies()\r\n   at Microsoft.EntityFrameworkCore.DbContext.get_InternalServiceProvider()\r\n   at Microsoft.EntityFrameworkCore.DbContext.Microsoft.EntityFrameworkCore.Infrastructure.IInfrastructure<System.IServiceProvider>.get_Instance()\r\n   at Microsoft.EntityFrameworkCore.Infrastructure.Internal.InfrastructureExtensions.GetService[TService](IInfrastructure`1 accessor)\r\n   at Microsoft.EntityFrameworkCore.Infrastructure.AccessorExtensions.GetService[TService](IInfrastructure`1 accessor)\r\n   at Microsoft.EntityFrameworkCore.Infrastructure.DatabaseFacade.get_Dependencies()\r\n   at Microsoft.EntityFrameworkCore.Infrastructure.DatabaseFacade.EnsureDeleted()\r\n   at PlantApp.Test.DatabaseTests.CanInsertPlantIntoDatabase() in C:\\Users\\Shaun.Stewart\\source\\repos\\PlantApp\\PlantApp.Test\\DatabaseTests.cs:line 15\r\n","DisplayName":null,"Messages":[],"ComputerName":null,"Duration":"00:00:00.6461919","StartTime":"2021-03-16T14:43:42.3825998+00:00","EndTime":"2021-03-16T14:43:43.0679844+00:00","Properties":[{"Key":{"Id":"ExecutionId","Label":"ExecutionId","Category":"","Description":"","Attributes":1,"ValueType":"System.Guid"},"Value":"00000000-0000-0000-0000-000000000000"},{"Key":{"Id":"ParentExecId","Label":"ParentExecId","Category":"","Description":"","Attributes":1,"ValueType":"System.Guid"},"Value":"00000000-0000-0000-0000-000000000000"},{"Key":{"Id":"InnerResultsCount","Label":"InnerResultsCount","Category":"","Description":"","Attributes":1,"ValueType":"System.Int32"},"Value":0}]}],"TestRunStatistics":{"ExecutedTests":1,"Stats":{"Failed":1}},"ActiveTests":[]},"RunAttachments":[],"ExecutorUris":["executor://mstestadapter/v2"]}}
TpTrace Verbose: 0 : 40984, 14, 2021/03/16, 14:43:43.150, 3675226423470, vstest.console.dll, TestRequestSender.EndSession: Sending end session.
TpTrace Verbose: 0 : 40984, 14, 2021/03/16, 14:43:43.151, 3675226425621, vstest.console.dll, ProxyOperationManager.Close: waiting for test host to exit for 100 ms
TpTrace Warning: 0 : 40984, 10, 2021/03/16, 14:43:43.198, 3675226896028, vstest.console.dll, TestHostManagerCallbacks.ErrorReceivedCallback Test host standard error line: 
TpTrace Verbose: 0 : 40984, 7, 2021/03/16, 14:43:43.206, 3675226981107, vstest.console.dll, TestHostProvider.ExitCallBack: Host exited starting callback.
TpTrace Information: 0 : 40984, 7, 2021/03/16, 14:43:43.207, 3675226986357, vstest.console.dll, TestHostManagerCallbacks.ExitCallBack: Testhost processId: 12900 exited with exitcode: 0 error: ''
TpTrace Verbose: 0 : 40984, 7, 2021/03/16, 14:43:43.207, 3675226987243, vstest.console.dll, DotnetTestHostManager.OnHostExited: invoking OnHostExited callback
TpTrace Verbose: 0 : 40984, 7, 2021/03/16, 14:43:43.207, 3675226988108, vstest.console.dll, CrossPlatEngine.TestHostManagerHostExited: calling on client process exit callback.
TpTrace Information: 0 : 40984, 7, 2021/03/16, 14:43:43.207, 3675226988989, vstest.console.dll, TestRequestSender.OnClientProcessExit: Test host process exited. Standard error: 
TpTrace Information: 0 : 40984, 7, 2021/03/16, 14:43:43.207, 3675226989897, vstest.console.dll, SocketServer.Stop: Stop server endPoint: 127.0.0.1:61670
TpTrace Information: 0 : 40984, 7, 2021/03/16, 14:43:43.207, 3675226990616, vstest.console.dll, SocketServer.Stop: Cancellation requested. Stopping message loop.
TpTrace Warning: 0 : 40984, 14, 2021/03/16, 14:43:43.207, 3675226989362, vstest.console.dll, ProxyOperationManager: Timed out waiting for test host to exit. Will terminate process.
TpTrace Verbose: 0 : 40984, 14, 2021/03/16, 14:43:43.208, 3675226996971, vstest.console.dll, ProxyDataCollectionManager.InvokeDataCollectionServiceAction: Starting.
TpTrace Information: 0 : 40984, 14, 2021/03/16, 14:43:43.208, 3675226997794, vstest.console.dll, ProxyDataCollectionManager.AfterTestRunEnd: Get attachment set for datacollector processId: 7068 port: 61667
TpTrace Verbose: 0 : 40984, 14, 2021/03/16, 14:43:43.208, 3675226998742, vstest.console.dll, DataCollectionRequestSender.SendAfterTestRunStartAndGetResult : Send AfterTestRunEnd message with isCancelled: False
TpTrace Verbose: 0 : 40984, 14, 2021/03/16, 14:43:43.210, 3675227018400, vstest.console.dll, DataCollectionRequestSender.SendAfterTestRunStartAndGetResult : Received message: (DataCollection.AfterTestRunEndResult) -> []
TpTrace Information: 0 : 40984, 14, 2021/03/16, 14:43:43.212, 3675227033843, vstest.console.dll, ProxyDataCollectionManager.InvokeDataCollectionServiceAction: Completed.
TpTrace Warning: 0 : 40984, 9, 2021/03/16, 14:43:43.222, 3675227135289, vstest.console.dll, DataCollectionLauncher.ErrorReceivedCallback datacollector standard error line: 
TpTrace Information: 0 : 40984, 7, 2021/03/16, 14:43:43.229, 3675227206037, vstest.console.dll, DataCollectionLauncher.ExitCallBack: Data collector exited with exitcode: 0 error: ''
TpTrace Verbose: 0 : 40984, 14, 2021/03/16, 14:43:43.289, 3675227812036, vstest.console.dll, TestRunRequest:SendTestRunStatsChange: Starting.
TpTrace Information: 0 : 40984, 14, 2021/03/16, 14:43:43.290, 3675227814352, vstest.console.dll, TestRunRequest:SendTestRunStatsChange: Completed.
TpTrace Verbose: 0 : 40984, 14, 2021/03/16, 14:43:43.290, 3675227816445, vstest.console.dll, ParallelProxyExecutionManager: HandlePartialRunComplete: Total completed clients = 1, Run complete = True, Run canceled: False.
TpTrace Verbose: 0 : 40984, 14, 2021/03/16, 14:43:43.307, 3675227984359, vstest.console.dll, TestRunRequest:TestRunComplete: Starting. IsAborted:False IsCanceled:False.
TpTrace Verbose: 0 : 40984, 14, 2021/03/16, 14:43:43.307, 3675227986661, vstest.console.dll, TestLoggerManager.HandleTestRunComplete: Ignoring as the object is disposed.
TpTrace Information: 0 : 40984, 14, 2021/03/16, 14:43:43.307, 3675227989437, vstest.console.dll, TestRunRequest:TestRunComplete: Completed.
TpTrace Verbose: 0 : 40984, 1, 2021/03/16, 14:43:43.307, 3675227990002, vstest.console.dll, TestRunRequest.Dispose: Starting.
TpTrace Verbose: 0 : 40984, 14, 2021/03/16, 14:43:43.307, 3675227990506, vstest.console.dll, TestRequestSender.SetOperationComplete: Setting operation complete.
TpTrace Information: 0 : 40984, 1, 2021/03/16, 14:43:43.307, 3675227991460, vstest.console.dll, TestRunRequest.Dispose: Completed.
TpTrace Information: 0 : 40984, 1, 2021/03/16, 14:43:43.307, 3675227993328, vstest.console.dll, TestRequestManager.RunTests: run tests completed.
TpTrace Information: 0 : 40984, 14, 2021/03/16, 14:43:43.307, 3675227992488, vstest.console.dll, SocketServer.Stop: Stop server endPoint: 127.0.0.1:61670
TpTrace Information: 0 : 40984, 1, 2021/03/16, 14:43:43.308, 3675227994586, vstest.console.dll, RunTestsArgumentProcessor:Execute: Test run is completed.
TpTrace Verbose: 0 : 40984, 1, 2021/03/16, 14:43:43.308, 3675227996175, vstest.console.dll, Executor.Execute: Exiting with exit code of 1
TpTrace Information: 0 : 40984, 14, 2021/03/16, 14:43:43.308, 3675227995329, vstest.console.dll, SocketServer.Stop: Cancellation requested. Stopping message loop.
TpTrace Information: 0 : 40984, 14, 2021/03/16, 14:43:43.308, 3675227998508, vstest.console.dll, SocketServer.PrivateStop: Stop server endPoint: 127.0.0.1:61670 error: 
TpTrace Verbose: 0 : 40984, 14, 2021/03/16, 14:43:43.309, 3675228003875, vstest.console.dll, LengthPrefixCommunicationChannel.Dispose: Dispose reader and writer.
TpTrace Information: 0 : 40984, 14, 2021/03/16, 14:43:43.309, 3675228005069, vstest.console.dll, SocketServer.Stop: Raise disconnected event endPoint: 127.0.0.1:61670 error: 
TpTrace Verbose: 0 : 40984, 14, 2021/03/16, 14:43:43.309, 3675228006257, vstest.console.dll, TestRequestSender: OnTestRunAbort: Operation is already complete. Skip error message.
TpTrace Verbose: 0 : 40984, 14, 2021/03/16, 14:43:43.309, 3675228007270, vstest.console.dll, TcpClientExtensions.MessageLoopAsync: exiting MessageLoopAsync remoteEndPoint: 127.0.0.1:61671 localEndPoint: 127.0.0.1:61670
